#
# There is insufficient memory for the Java Runtime Environment to continue.
# Native memory allocation (malloc) failed to allocate 1164976 bytes for Chunk::new
# Possible reasons:
#   The system is out of physical RAM or swap space
#   In 32 bit mode, the process size limit was hit
# Possible solutions:
#   Reduce memory load on the system
#   Increase physical memory or swap space
#   Check if swap backing store is full
#   Use 64 bit Java on a 64 bit OS
#   Decrease Java heap size (-Xmx/-Xms)
#   Decrease number of Java threads
#   Decrease Java thread stack sizes (-Xss)
#   Set larger code cache with -XX:ReservedCodeCacheSize=
# This output file may be truncated or incomplete.
#
#  Out of Memory Error (allocation.cpp:390), pid=1964, tid=0x0000000000001784
#
# JRE version: OpenJDK Runtime Environment (8.0_152-b01) (build 1.8.0_152-release-1248-b01)
# Java VM: OpenJDK 64-Bit Server VM (25.152-b01 mixed mode windows-amd64 compressed oops)
# Failed to write core dump. Minidumps are not enabled by default on client versions of Windows
#

---------------  T H R E A D  ---------------

Current thread (0x000000001878f000):  JavaThread "C2 CompilerThread0" daemon [_thread_in_native, id=6020, stack(0x0000000019dd0000,0x0000000019ed0000)]

Stack: [0x0000000019dd0000,0x0000000019ed0000]
[error occurred during error reporting (printing stack bounds), id 0xc0000005]

Native frames: (J=compiled Java code, j=interpreted, Vv=VM code, C=native code)


Current CompileTask:
C2:  17492 6814       4       java.io.ObjectOutputStream::writeClassDesc (60 bytes)


---------------  P R O C E S S  ---------------

Java Threads: ( => current thread )
  0x000000001e49c000 JavaThread "Memory manager" [_thread_blocked, id=6492, stack(0x0000000023150000,0x0000000023250000)]
  0x000000001e497000 JavaThread "Build operations Thread 12" [_thread_blocked, id=12908, stack(0x0000000022a50000,0x0000000022b50000)]
  0x000000001e490000 JavaThread "Build operations Thread 11" [_thread_blocked, id=1252, stack(0x0000000022950000,0x0000000022a50000)]
  0x000000001e494000 JavaThread "Build operations Thread 10" [_thread_in_native, id=17820, stack(0x0000000022850000,0x0000000022950000)]
  0x000000001e48f800 JavaThread "Build operations Thread 9" [_thread_blocked, id=8296, stack(0x0000000022750000,0x0000000022850000)]
  0x000000001e495800 JavaThread "Build operations Thread 8" [_thread_in_native, id=1068, stack(0x0000000022650000,0x0000000022750000)]
  0x000000001e491800 JavaThread "Build operations Thread 7" [_thread_blocked, id=3256, stack(0x0000000022550000,0x0000000022650000)]
  0x000000001e492800 JavaThread "Build operations Thread 6" [_thread_blocked, id=7032, stack(0x0000000022450000,0x0000000022550000)]
  0x000000001e493000 JavaThread "Build operations Thread 5" [_thread_in_native, id=8364, stack(0x0000000022350000,0x0000000022450000)]
  0x000000001e48e800 JavaThread "Build operations Thread 4" [_thread_blocked, id=3100, stack(0x0000000022250000,0x0000000022350000)]
  0x000000001e491000 JavaThread "Build operations Thread 3" [_thread_blocked, id=3004, stack(0x0000000022150000,0x0000000022250000)]
  0x000000001e48e000 JavaThread "Build operations Thread 2" [_thread_in_native, id=3188, stack(0x0000000022050000,0x0000000022150000)]
  0x000000001e494800 JavaThread "Build operations" [_thread_blocked, id=16408, stack(0x0000000020d30000,0x0000000020e30000)]
  0x000000001d13b800 JavaThread "Cache worker for Artifact transforms cache (C:\Users\Batyaa\.gradle\caches\transforms-1)" [_thread_blocked, id=12160, stack(0x0000000020a30000,0x0000000020b30000)]
  0x000000001d36e800 JavaThread "Cache worker for file hash cache (E:\ANDROID\TulanC\.gradle\4.6\fileHashes)" [_thread_blocked, id=9932, stack(0x000000001e0f0000,0x000000001e1f0000)]
  0x000000001b55f800 JavaThread "File lock request listener" [_thread_in_native, id=9796, stack(0x000000001dff0000,0x000000001e0f0000)]
  0x000000001b6a7800 JavaThread "Cache worker for file hash cache (C:\Users\Batyaa\.gradle\caches\4.6\fileHashes)" [_thread_blocked, id=9400, stack(0x000000001def0000,0x000000001dff0000)]
  0x000000001b60c000 JavaThread "Stdin handler" [_thread_blocked, id=9604, stack(0x000000001cc20000,0x000000001cd20000)]
  0x000000001b60b800 JavaThread "Asynchronous log dispatcher for DefaultDaemonConnection: socket connection from /127.0.0.1:65366 to /127.0.0.1:65367" [_thread_blocked, id=10072, stack(0x000000001cb20000,0x000000001cc20000)]
  0x000000001b681000 JavaThread "Daemon worker" [_thread_blocked, id=14528, stack(0x000000001ca20000,0x000000001cb20000)]
  0x000000001b684800 JavaThread "Cancel handler" [_thread_blocked, id=9168, stack(0x000000001c820000,0x000000001c920000)]
  0x000000001b3ae000 JavaThread "Handler for socket connection from /127.0.0.1:65366 to /127.0.0.1:65367" [_thread_in_native, id=14204, stack(0x000000001c520000,0x000000001c620000)]
  0x000000001b3ad000 JavaThread "Daemon" [_thread_blocked, id=12684, stack(0x000000001c420000,0x000000001c520000)]
  0x000000001b397000 JavaThread "Daemon periodic checks" [_thread_blocked, id=8820, stack(0x000000001c320000,0x000000001c420000)]
  0x000000001b378000 JavaThread "Incoming local TCP Connector on port 65366" [_thread_in_native, id=9588, stack(0x000000001c0e0000,0x000000001c1e0000)]
  0x0000000018826800 JavaThread "Service Thread" daemon [_thread_blocked, id=1540, stack(0x000000001a1d0000,0x000000001a2d0000)]
  0x000000001879f000 JavaThread "C1 CompilerThread3" daemon [_thread_blocked, id=528, stack(0x000000001a0d0000,0x000000001a1d0000)]
  0x000000001879a000 JavaThread "C2 CompilerThread2" daemon [_thread_in_native, id=7588, stack(0x0000000019fd0000,0x000000001a0d0000)]
  0x0000000018795000 JavaThread "C2 CompilerThread1" daemon [_thread_in_native, id=10964, stack(0x0000000019ed0000,0x0000000019fd0000)]
=>0x000000001878f000 JavaThread "C2 CompilerThread0" daemon [_thread_in_native, id=6020, stack(0x0000000019dd0000,0x0000000019ed0000)]
  0x000000001878d000 JavaThread "Attach Listener" daemon [_thread_blocked, id=13680, stack(0x0000000019cd0000,0x0000000019dd0000)]
  0x000000001878a000 JavaThread "Signal Dispatcher" daemon [_thread_blocked, id=15572, stack(0x0000000019bd0000,0x0000000019cd0000)]
  0x0000000018783000 JavaThread "Finalizer" daemon [_thread_blocked, id=9304, stack(0x00000000199e0000,0x0000000019ae0000)]
  0x000000001709c000 JavaThread "Reference Handler" daemon [_thread_blocked, id=11836, stack(0x00000000198e0000,0x00000000199e0000)]
  0x0000000002fce800 JavaThread "main" [_thread_blocked, id=7148, stack(0x0000000002e50000,0x0000000002f50000)]

Other Threads:
  0x0000000017095800 VMThread [stack: 0x00000000197e0000,0x00000000198e0000] [id=15444]
  0x0000000018828000 WatcherThread [stack: 0x000000001a2d0000,0x000000001a3d0000] [id=15332]

VM state:not at safepoint (normal execution)

VM Mutex/Monitor currently owned by a thread: None

Heap:
 PSYoungGen      total 268800K, used 51288K [0x00000000e0000000, 0x00000000f4f00000, 0x0000000100000000)
  eden space 244736K, 20% used [0x00000000e0000000,0x00000000e3216198,0x00000000eef00000)
  from space 24064K, 0% used [0x00000000f0500000,0x00000000f0500000,0x00000000f1c80000)
  to   space 22528K, 0% used [0x00000000eef00000,0x00000000eef00000,0x00000000f0500000)
 ParOldGen       total 130560K, used 44133K [0x00000000a0000000, 0x00000000a7f80000, 0x00000000e0000000)
  object space 130560K, 33% used [0x00000000a0000000,0x00000000a2b19680,0x00000000a7f80000)
 Metaspace       used 59931K, capacity 61814K, committed 61976K, reserved 1101824K
  class space    used 8182K, capacity 8649K, committed 8736K, reserved 1048576K

Card table byte_map: [0x00000000124a0000,0x00000000127b0000] byte_map_base: 0x0000000011fa0000

Marking Bits: (ParMarkBitMap*) 0x00000000608a5aa0
 Begin Bits: [0x00000000133b0000, 0x0000000014bb0000)
 End Bits:   [0x0000000014bb0000, 0x00000000163b0000)

Polling page: 0x00000000014e0000

CodeCache: size=245760Kb used=21116Kb max_used=21128Kb free=224643Kb
 bounds [0x00000000030e0000, 0x00000000045a0000, 0x00000000120e0000]
 total_blobs=7063 nmethods=6256 adapters=720
 compilation: enabled

Compilation events (10 events):
Event: 17.470 Thread 0x000000001879f000 7092       3       org.gradle.api.internal.file.collections.jdk7.Jdk7DirectoryWalker$1::preVisitDirectory (10 bytes)
Event: 17.470 Thread 0x000000001879f000 nmethod 7092 0x000000000457ee10 code [0x000000000457ef80, 0x000000000457f228]
Event: 17.470 Thread 0x000000001879f000 7093       3       org.gradle.api.internal.file.collections.jdk7.Jdk7DirectoryWalker$1::preVisitDirectory (80 bytes)
Event: 17.470 Thread 0x000000001879f000 nmethod 7093 0x000000000457f310 code [0x000000000457f500, 0x000000000457fdf8]
Event: 17.470 Thread 0x000000001879f000 7094       3       java.util.LinkedList::push (6 bytes)
Event: 17.470 Thread 0x000000001879f000 nmethod 7094 0x0000000004580110 code [0x0000000004580280, 0x0000000004580468]
Event: 17.470 Thread 0x000000001879f000 7095       3       org.gradle.api.internal.changedetection.state.DirectoryFileSnapshot::<init> (20 bytes)
Event: 17.471 Thread 0x000000001879f000 nmethod 7095 0x0000000004580550 code [0x00000000045806a0, 0x0000000004580890]
Event: 17.471 Thread 0x000000001879a000 nmethod 7076 0x0000000004584190 code [0x00000000045842e0, 0x0000000004584f08]
Event: 17.471 Thread 0x000000001879a000 7079       4       com.google.common.collect.MapMakerInternalMap$Segment::getEntry (80 bytes)

GC Heap History (10 events):
Event: 7.387 GC heap before
{Heap before GC invocations=9 (full 2):
 PSYoungGen      total 140800K, used 9727K [0x00000000e0000000, 0x00000000ee580000, 0x0000000100000000)
  eden space 131072K, 0% used [0x00000000e0000000,0x00000000e0000000,0x00000000e8000000)
  from space 9728K, 99% used [0x00000000e8000000,0x00000000e897fe78,0x00000000e8980000)
  to   space 12800K, 0% used [0x00000000ed900000,0x00000000ed900000,0x00000000ee580000)
 ParOldGen       total 53248K, used 12141K [0x00000000a0000000, 0x00000000a3400000, 0x00000000e0000000)
  object space 53248K, 22% used [0x00000000a0000000,0x00000000a0bdb670,0x00000000a3400000)
 Metaspace       used 34633K, capacity 35210K, committed 35496K, reserved 1079296K
  class space    used 4802K, capacity 5033K, committed 5040K, reserved 1048576K
Event: 7.430 GC heap after
Heap after GC invocations=9 (full 2):
 PSYoungGen      total 140800K, used 0K [0x00000000e0000000, 0x00000000ee580000, 0x0000000100000000)
  eden space 131072K, 0% used [0x00000000e0000000,0x00000000e0000000,0x00000000e8000000)
  from space 9728K, 0% used [0x00000000e8000000,0x00000000e8000000,0x00000000e8980000)
  to   space 12800K, 0% used [0x00000000ed900000,0x00000000ed900000,0x00000000ee580000)
 ParOldGen       total 87552K, used 19752K [0x00000000a0000000, 0x00000000a5580000, 0x00000000e0000000)
  object space 87552K, 22% used [0x00000000a0000000,0x00000000a134a3e8,0x00000000a5580000)
 Metaspace       used 34633K, capacity 35210K, committed 35496K, reserved 1079296K
  class space    used 4802K, capacity 5033K, committed 5040K, reserved 1048576K
}
Event: 8.294 GC heap before
{Heap before GC invocations=10 (full 2):
 PSYoungGen      total 140800K, used 131072K [0x00000000e0000000, 0x00000000ee580000, 0x0000000100000000)
  eden space 131072K, 100% used [0x00000000e0000000,0x00000000e8000000,0x00000000e8000000)
  from space 9728K, 0% used [0x00000000e8000000,0x00000000e8000000,0x00000000e8980000)
  to   space 12800K, 0% used [0x00000000ed900000,0x00000000ed900000,0x00000000ee580000)
 ParOldGen       total 87552K, used 19752K [0x00000000a0000000, 0x00000000a5580000, 0x00000000e0000000)
  object space 87552K, 22% used [0x00000000a0000000,0x00000000a134a3e8,0x00000000a5580000)
 Metaspace       used 41929K, capacity 42816K, committed 43176K, reserved 1087488K
  class space    used 5657K, capacity 5955K, committed 6064K, reserved 1048576K
Event: 8.305 GC heap after
Heap after GC invocations=10 (full 2):
 PSYoungGen      total 204288K, used 12782K [0x00000000e0000000, 0x00000000ee580000, 0x0000000100000000)
  eden space 191488K, 0% used [0x00000000e0000000,0x00000000e0000000,0x00000000ebb00000)
  from space 12800K, 99% used [0x00000000ed900000,0x00000000ee57ba78,0x00000000ee580000)
  to   space 15872K, 0% used [0x00000000ec680000,0x00000000ec680000,0x00000000ed600000)
 ParOldGen       total 87552K, used 22464K [0x00000000a0000000, 0x00000000a5580000, 0x00000000e0000000)
  object space 87552K, 25% used [0x00000000a0000000,0x00000000a15f0268,0x00000000a5580000)
 Metaspace       used 41929K, capacity 42816K, committed 43176K, reserved 1087488K
  class space    used 5657K, capacity 5955K, committed 6064K, reserved 1048576K
}
Event: 10.056 GC heap before
{Heap before GC invocations=11 (full 2):
 PSYoungGen      total 204288K, used 204270K [0x00000000e0000000, 0x00000000ee580000, 0x0000000100000000)
  eden space 191488K, 100% used [0x00000000e0000000,0x00000000ebb00000,0x00000000ebb00000)
  from space 12800K, 99% used [0x00000000ed900000,0x00000000ee57ba78,0x00000000ee580000)
  to   space 15872K, 0% used [0x00000000ec680000,0x00000000ec680000,0x00000000ed600000)
 ParOldGen       total 87552K, used 22464K [0x00000000a0000000, 0x00000000a5580000, 0x00000000e0000000)
  object space 87552K, 25% used [0x00000000a0000000,0x00000000a15f0268,0x00000000a5580000)
 Metaspace       used 56710K, capacity 58492K, committed 58792K, reserved 1099776K
  class space    used 7821K, capacity 8304K, committed 8368K, reserved 1048576K
Event: 10.076 GC heap after
Heap after GC invocations=11 (full 2):
 PSYoungGen      total 219136K, used 15864K [0x00000000e0000000, 0x00000000f1c80000, 0x0000000100000000)
  eden space 203264K, 0% used [0x00000000e0000000,0x00000000e0000000,0x00000000ec680000)
  from space 15872K, 99% used [0x00000000ec680000,0x00000000ed5fe080,0x00000000ed600000)
  to   space 24064K, 0% used [0x00000000f0500000,0x00000000f0500000,0x00000000f1c80000)
 ParOldGen       total 87552K, used 37397K [0x00000000a0000000, 0x00000000a5580000, 0x00000000e0000000)
  object space 87552K, 42% used [0x00000000a0000000,0x00000000a2485690,0x00000000a5580000)
 Metaspace       used 56710K, capacity 58492K, committed 58792K, reserved 1099776K
  class space    used 7821K, capacity 8304K, committed 8368K, reserved 1048576K
}
Event: 10.135 GC heap before
{Heap before GC invocations=12 (full 2):
 PSYoungGen      total 219136K, used 27114K [0x00000000e0000000, 0x00000000f1c80000, 0x0000000100000000)
  eden space 203264K, 5% used [0x00000000e0000000,0x00000000e0afc8f0,0x00000000ec680000)
  from space 15872K, 99% used [0x00000000ec680000,0x00000000ed5fe080,0x00000000ed600000)
  to   space 24064K, 0% used [0x00000000f0500000,0x00000000f0500000,0x00000000f1c80000)
 ParOldGen       total 87552K, used 37397K [0x00000000a0000000, 0x00000000a5580000, 0x00000000e0000000)
  object space 87552K, 42% used [0x00000000a0000000,0x00000000a2485690,0x00000000a5580000)
 Metaspace       used 57258K, capacity 59036K, committed 59160K, reserved 1099776K
  class space    used 7907K, capacity 8400K, committed 8480K, reserved 1048576K
Event: 10.148 GC heap after
Heap after GC invocations=12 (full 2):
 PSYoungGen      total 268800K, used 10570K [0x00000000e0000000, 0x00000000f4f00000, 0x0000000100000000)
  eden space 244736K, 0% used [0x00000000e0000000,0x00000000e0000000,0x00000000eef00000)
  from space 24064K, 43% used [0x00000000f0500000,0x00000000f0f52ae8,0x00000000f1c80000)
  to   space 22528K, 0% used [0x00000000eef00000,0x00000000eef00000,0x00000000f0500000)
 ParOldGen       total 87552K, used 43559K [0x00000000a0000000, 0x00000000a5580000, 0x00000000e0000000)
  object space 87552K, 49% used [0x00000000a0000000,0x00000000a2a89fd8,0x00000000a5580000)
 Metaspace       used 57258K, capacity 59036K, committed 59160K, reserved 1099776K
  class space    used 7907K, capacity 8400K, committed 8480K, reserved 1048576K
}
Event: 10.148 GC heap before
{Heap before GC invocations=13 (full 3):
 PSYoungGen      total 268800K, used 10570K [0x00000000e0000000, 0x00000000f4f00000, 0x0000000100000000)
  eden space 244736K, 0% used [0x00000000e0000000,0x00000000e0000000,0x00000000eef00000)
  from space 24064K, 43% used [0x00000000f0500000,0x00000000f0f52ae8,0x00000000f1c80000)
  to   space 22528K, 0% used [0x00000000eef00000,0x00000000eef00000,0x00000000f0500000)
 ParOldGen       total 87552K, used 43559K [0x00000000a0000000, 0x00000000a5580000, 0x00000000e0000000)
  object space 87552K, 49% used [0x00000000a0000000,0x00000000a2a89fd8,0x00000000a5580000)
 Metaspace       used 57258K, capacity 59036K, committed 59160K, reserved 1099776K
  class space    used 7907K, capacity 8400K, committed 8480K, reserved 1048576K
Event: 10.293 GC heap after
Heap after GC invocations=13 (full 3):
 PSYoungGen      total 268800K, used 0K [0x00000000e0000000, 0x00000000f4f00000, 0x0000000100000000)
  eden space 244736K, 0% used [0x00000000e0000000,0x00000000e0000000,0x00000000eef00000)
  from space 24064K, 0% used [0x00000000f0500000,0x00000000f0500000,0x00000000f1c80000)
  to   space 22528K, 0% used [0x00000000eef00000,0x00000000eef00000,0x00000000f0500000)
 ParOldGen       total 130560K, used 44133K [0x00000000a0000000, 0x00000000a7f80000, 0x00000000e0000000)
  object space 130560K, 33% used [0x00000000a0000000,0x00000000a2b19680,0x00000000a7f80000)
 Metaspace       used 57258K, capacity 59036K, committed 59160K, reserved 1099776K
  class space    used 7907K, capacity 8400K, committed 8480K, reserved 1048576K
}

Deoptimization events (10 events):
Event: 12.733 Thread 0x000000001b681000 Uncommon trap: reason=class_check action=maybe_recompile pc=0x00000000035e980c method=java.util.zip.InflaterInputStream.read([BII)I @ 100
Event: 13.017 Thread 0x000000001b681000 Uncommon trap: reason=class_check action=maybe_recompile pc=0x00000000035e980c method=java.util.zip.InflaterInputStream.read([BII)I @ 100
Event: 13.017 Thread 0x000000001b681000 Uncommon trap: reason=class_check action=maybe_recompile pc=0x0000000003bbfa94 method=java.util.concurrent.ConcurrentHashMap.putVal(Ljava/lang/Object;Ljava/lang/Object;Z)Ljava/lang/Object; @ 192
Event: 14.162 Thread 0x000000001b397000 Uncommon trap: reason=speculate_class_check action=maybe_recompile pc=0x00000000036a9c9c method=java.util.AbstractList.listIterator()Ljava/util/ListIterator; @ 2
Event: 17.149 Thread 0x000000001b681000 Uncommon trap: reason=unstable_if action=reinterpret pc=0x00000000032cab30 method=com.esotericsoftware.kryo.io.Input.readUtf8(I)V @ 79
Event: 17.160 Thread 0x000000001b681000 Uncommon trap: reason=bimorphic action=maybe_recompile pc=0x00000000043cbf6c method=org.codehaus.groovy.util.SingleKeyHashMap.get(Ljava/lang/Object;)Ljava/lang/Object; @ 43
Event: 17.160 Thread 0x000000001b681000 Uncommon trap: reason=bimorphic action=maybe_recompile pc=0x00000000043cbf6c method=org.codehaus.groovy.util.SingleKeyHashMap.get(Ljava/lang/Object;)Ljava/lang/Object; @ 43
Event: 17.161 Thread 0x000000001b681000 Uncommon trap: reason=unstable_if action=reinterpret pc=0x0000000004360cf0 method=groovy.lang.MetaClassImpl.checkIfStdMethod(Lgroovy/lang/MetaMethod;)V @ 167
Event: 17.167 Thread 0x000000001b681000 Uncommon trap: reason=unstable_if action=reinterpret pc=0x00000000043189a0 method=groovy.lang.MetaClassImpl.filterPropertyMethod(Ljava/lang/Object;ZZ)Ljava/lang/Object; @ 60
Event: 17.391 Thread 0x000000001e48f800 Uncommon trap: reason=predicate action=maybe_recompile pc=0x0000000004522bf8 method=java.util.AbstractCollection.toArray([Ljava/lang/Object;)[Ljava/lang/Object; @ 49

Classes redefined (0 events):
No events

Internal exceptions (10 events):
Event: 9.905 Thread 0x000000001b681000 Exception <a 'java/lang/ClassNotFoundException': org/codehaus/groovy/util/HashCodeHelperBeanInfo> (0x00000000eac247d8) thrown at [D:\src\AOSP-openjdk-cygwin\jdk8u\hotspot\src\share\vm\classfile\systemDictionary.cpp, line 210]
Event: 9.905 Thread 0x000000001b681000 Exception <a 'java/lang/ClassNotFoundException': org/codehaus/groovy/util/HashCodeHelperCustomizer> (0x00000000eac38660) thrown at [D:\src\AOSP-openjdk-cygwin\jdk8u\hotspot\src\share\vm\classfile\systemDictionary.cpp, line 210]
Event: 9.907 Thread 0x000000001b681000 Exception <a 'java/lang/ClassNotFoundException': java/lang/BooleanBeanInfo> (0x00000000eac6c508) thrown at [D:\src\AOSP-openjdk-cygwin\jdk8u\hotspot\src\share\vm\classfile\systemDictionary.cpp, line 210]
Event: 9.907 Thread 0x000000001b681000 Exception <a 'java/lang/ClassNotFoundException': java/lang/BooleanCustomizer> (0x00000000eac74680) thrown at [D:\src\AOSP-openjdk-cygwin\jdk8u\hotspot\src\share\vm\classfile\systemDictionary.cpp, line 210]
Event: 10.015 Thread 0x000000001b681000 Implicit null exception at 0x0000000003933704 to 0x00000000039354f5
Event: 10.622 Thread 0x000000001b681000 Implicit null exception at 0x00000000036d8798 to 0x00000000036d88cd
Event: 17.166 Thread 0x000000001b681000 Exception <a 'java/lang/ClassNotFoundException': java/lang/IntegerBeanInfo> (0x00000000e18a22f0) thrown at [D:\src\AOSP-openjdk-cygwin\jdk8u\hotspot\src\share\vm\classfile\systemDictionary.cpp, line 210]
Event: 17.166 Thread 0x000000001b681000 Exception <a 'java/lang/ClassNotFoundException': java/lang/NumberBeanInfo> (0x00000000e18aa4f8) thrown at [D:\src\AOSP-openjdk-cygwin\jdk8u\hotspot\src\share\vm\classfile\systemDictionary.cpp, line 210]
Event: 17.166 Thread 0x000000001b681000 Exception <a 'java/lang/ClassNotFoundException': java/lang/NumberCustomizer> (0x00000000e18b2720) thrown at [D:\src\AOSP-openjdk-cygwin\jdk8u\hotspot\src\share\vm\classfile\systemDictionary.cpp, line 210]
Event: 17.166 Thread 0x000000001b681000 Exception <a 'java/lang/ClassNotFoundException': java/lang/IntegerCustomizer> (0x00000000e18be3d0) thrown at [D:\src\AOSP-openjdk-cygwin\jdk8u\hotspot\src\share\vm\classfile\systemDictionary.cpp, line 210]

Events (10 events):
Event: 17.366 loading class org/gradle/api/internal/changedetection/state/DefaultFileSystemSnapshotter$FileVisitorImpl done
Event: 17.366 Executing VM operation: RevokeBias
Event: 17.367 Executing VM operation: RevokeBias done
Event: 17.367 Executing VM operation: RevokeBias
Event: 17.367 Executing VM operation: RevokeBias done
Event: 17.371 loading class org/gradle/api/internal/changedetection/state/DirectoryTreeDetails
Event: 17.371 loading class org/gradle/api/internal/changedetection/state/DirectoryTreeDetails done
Event: 17.391 Thread 0x000000001e48f800 Uncommon trap: trap_request=0xffffff86 fr.pc=0x0000000004522bf8
Event: 17.391 Thread 0x000000001e48f800 DEOPT PACKING pc=0x0000000004522bf8 sp=0x000000002284e1c0
Event: 17.391 Thread 0x000000001e48f800 DEOPT UNPACKING pc=0x000000000312557b sp=0x000000002284e160 mode 2


Dynamic libraries:
0x00007ff763710000 - 0x00007ff763741000 	C:\Program Files\Android\Android Studio\jre\bin\java.exe
0x00007ffb018f0000 - 0x00007ffb01ad1000 	C:\Windows\SYSTEM32\ntdll.dll
0x00007ffaf6420000 - 0x00007ffaf6432000 	C:\Program Files\AVAST Software\Avast\aswhook.dll
0x00007ffaff160000 - 0x00007ffaff211000 	C:\Windows\System32\KERNEL32.DLL
0x00007ffafdef0000 - 0x00007ffafe163000 	C:\Windows\System32\KERNELBASE.dll
0x00007ffb01810000 - 0x00007ffb018b1000 	C:\Windows\System32\ADVAPI32.dll
0x00007ffb012d0000 - 0x00007ffb0136e000 	C:\Windows\System32\msvcrt.dll
0x00007ffb01450000 - 0x00007ffb014ab000 	C:\Windows\System32\sechost.dll
0x00007ffb014b0000 - 0x00007ffb015d4000 	C:\Windows\System32\RPCRT4.dll
0x00007ffafed90000 - 0x00007ffafef20000 	C:\Windows\System32\USER32.dll
0x00007ffafeac0000 - 0x00007ffafeae0000 	C:\Windows\System32\win32u.dll
0x00007ffb016f0000 - 0x00007ffb01718000 	C:\Windows\System32\GDI32.dll
0x00007ffafe920000 - 0x00007ffafeab2000 	C:\Windows\System32\gdi32full.dll
0x00007ffafe170000 - 0x00007ffafe20f000 	C:\Windows\System32\msvcp_win.dll
0x00007ffafdd70000 - 0x00007ffafde68000 	C:\Windows\System32\ucrtbase.dll
0x00007ffaf2720000 - 0x00007ffaf2989000 	C:\Windows\WinSxS\amd64_microsoft.windows.common-controls_6595b64144ccf1df_6.0.17134.706_none_fb43a2cb30647007\COMCTL32.dll
0x00007ffb00660000 - 0x00007ffb00982000 	C:\Windows\System32\combase.dll
0x00007ffafde70000 - 0x00007ffafdeea000 	C:\Windows\System32\bcryptPrimitives.dll
0x00007ffb012a0000 - 0x00007ffb012cd000 	C:\Windows\System32\IMM32.DLL
0x0000000060930000 - 0x0000000060a02000 	C:\Program Files\Android\Android Studio\jre\jre\bin\msvcr100.dll
0x00000000600e0000 - 0x0000000060921000 	C:\Program Files\Android\Android Studio\jre\jre\bin\server\jvm.dll
0x00007ffb00af0000 - 0x00007ffb00af8000 	C:\Windows\System32\PSAPI.DLL
0x00007ffaf0730000 - 0x00007ffaf0739000 	C:\Windows\SYSTEM32\WSOCK32.dll
0x00007ffb00a60000 - 0x00007ffb00acc000 	C:\Windows\System32\WS2_32.dll
0x00007ffafaa80000 - 0x00007ffafaaa3000 	C:\Windows\SYSTEM32\WINMM.dll
0x00007ffaf9e50000 - 0x00007ffaf9e5a000 	C:\Windows\SYSTEM32\VERSION.dll
0x00007ffafaa50000 - 0x00007ffafaa7a000 	C:\Windows\SYSTEM32\WINMMBASE.dll
0x00007ffafdcc0000 - 0x00007ffafdd09000 	C:\Windows\System32\cfgmgr32.dll
0x00007ffaf8540000 - 0x00007ffaf854f000 	C:\Program Files\Android\Android Studio\jre\jre\bin\verify.dll
0x00007ffaf5430000 - 0x00007ffaf5459000 	C:\Program Files\Android\Android Studio\jre\jre\bin\java.dll
0x00007ffaf8020000 - 0x00007ffaf8036000 	C:\Program Files\Android\Android Studio\jre\jre\bin\zip.dll
0x00007ffaff220000 - 0x00007ffb00660000 	C:\Windows\System32\SHELL32.dll
0x00007ffb015e0000 - 0x00007ffb01689000 	C:\Windows\System32\shcore.dll
0x00007ffafe210000 - 0x00007ffafe91d000 	C:\Windows\System32\windows.storage.dll
0x00007ffb01240000 - 0x00007ffb01291000 	C:\Windows\System32\shlwapi.dll
0x00007ffafdca0000 - 0x00007ffafdcb1000 	C:\Windows\System32\kernel.appcore.dll
0x00007ffafdc00000 - 0x00007ffafdc1f000 	C:\Windows\System32\profapi.dll
0x00007ffafdc20000 - 0x00007ffafdc6c000 	C:\Windows\System32\powrprof.dll
0x00007ffafdc90000 - 0x00007ffafdc9a000 	C:\Windows\System32\FLTLIB.DLL
0x00007ffaf3da0000 - 0x00007ffaf3dba000 	C:\Program Files\Android\Android Studio\jre\jre\bin\net.dll
0x00007ffafd480000 - 0x00007ffafd4e6000 	C:\Windows\system32\mswsock.dll
0x00007ffae2dd0000 - 0x00007ffae2de1000 	C:\Program Files\Android\Android Studio\jre\jre\bin\nio.dll
0x00007ffae0420000 - 0x00007ffae043e000 	C:\Users\Batyaa\.gradle\native\25\windows-amd64\native-platform.dll
0x00007ffaf82e0000 - 0x00007ffaf82ed000 	C:\Program Files\Android\Android Studio\jre\jre\bin\management.dll
0x00007ffafd630000 - 0x00007ffafd647000 	C:\Windows\SYSTEM32\CRYPTSP.dll
0x00007ffafd000000 - 0x00007ffafd033000 	C:\Windows\system32\rsaenh.dll
0x00007ffafd760000 - 0x00007ffafd785000 	C:\Windows\SYSTEM32\bcrypt.dll
0x00007ffafdb30000 - 0x00007ffafdb58000 	C:\Windows\SYSTEM32\USERENV.dll
0x00007ffafd650000 - 0x00007ffafd65b000 	C:\Windows\SYSTEM32\CRYPTBASE.dll
0x00007ffafd200000 - 0x00007ffafd238000 	C:\Windows\SYSTEM32\IPHLPAPI.DLL
0x00007ffafed80000 - 0x00007ffafed88000 	C:\Windows\System32\NSI.dll
0x00007ffaf1fb0000 - 0x00007ffaf1fc6000 	C:\Windows\SYSTEM32\dhcpcsvc6.DLL
0x00007ffaf1f90000 - 0x00007ffaf1faa000 	C:\Windows\SYSTEM32\dhcpcsvc.DLL
0x00007ffad6f50000 - 0x00007ffad6f74000 	C:\Program Files\Android\Android Studio\jre\jre\bin\sunec.dll
0x00007ffafd240000 - 0x00007ffafd2fe000 	C:\Windows\SYSTEM32\DNSAPI.dll
0x0000000061860000 - 0x0000000061886000 	C:\Program Files\Bonjour\mdnsNSP.dll
0x00007ffaf1730000 - 0x00007ffaf173a000 	C:\Windows\System32\rasadhlp.dll
0x00007ffaf2150000 - 0x00007ffaf21c2000 	C:\Windows\System32\fwpuclnt.dll
0x00007ffaf8560000 - 0x00007ffaf856b000 	C:\Program Files\Android\Android Studio\jre\jre\bin\sunmscapi.dll
0x00007ffafeb90000 - 0x00007ffafed72000 	C:\Windows\System32\CRYPT32.dll
0x00007ffafdc70000 - 0x00007ffafdc82000 	C:\Windows\System32\MSASN1.dll

VM Arguments:
jvm_args: -Xmx1536m -Dfile.encoding=windows-1252 -Duser.country=US -Duser.language=en -Duser.variant 
java_command: org.gradle.launcher.daemon.bootstrap.GradleDaemon 4.6
java_class_path (initial): C:\Users\Batyaa\.gradle\wrapper\dists\gradle-4.6-all\bcst21l2brirad8k2ben1letg\gradle-4.6\lib\gradle-launcher-4.6.jar
Launcher Type: SUN_STANDARD

Environment Variables:
JAVA_HOME=C:\Program Files (x86)\Java\jdk1.8.0_192
PATH=C:\Program Files\Microsoft MPI\Bin\;C:\Program Files (x86)\Common Files\Intel\Shared Libraries\redist\intel64_win\compiler;C:\Windows\system32;C:\Windows;C:\Windows\System32\Wbem;C:\Windows\System32\WindowsPowerShell\v1.0\;C:\Windows\System32\OpenSSH\;C:\Program Files (x86)\NVIDIA Corporation\PhysX\Common;C:\Program Files (x86)\Microsoft SQL Server\100\Tools\Binn\;C:\Program Files\Microsoft SQL Server\100\Tools\Binn\;C:\Program Files\Microsoft SQL Server\100\DTS\Binn\;C:\Program Files\Common Files\Autodesk Shared\;C:\Program Files\dotnet\;C:\Program Files\Microsoft SQL Server\130\Tools\Binn\;C:\Program Files\Microsoft VS Code\bin;C:\Program Files (x86)\IncrediBuild;E:\Flutter\flutter\bin;C:\Program Files\Git\cmd;"C:\Users\Batyaa\AppData\Local\Microsoft\WindowsApps;E:\FLUTTER\flutter\bin";;C:\Program Files\JetBrains\IntelliJ IDEA Community Edition 2019.1\bin;
USERNAME=Batyaa
OS=Windows_NT
PROCESSOR_IDENTIFIER=AMD64 Family 23 Model 8 Stepping 2, AuthenticAMD



---------------  S Y S T E M  ---------------

OS: Windows 10.0 , 64 bit Build 17134 (10.0.17134.706)

CPU:total 12 (initial active 12) (12 cores per cpu, 1 threads per core) family 23 model 8 stepping 2, cmov, cx8, fxsr, mmx, sse, sse2, sse3, ssse3, sse4.1, sse4.2, popcnt, avx, avx2, aes, clmul, mmxext, 3dnowpref, lzcnt, sse4a, tsc, tscinvbit, tscinv, bmi1

Memory: 4k page, physical 8341876k(440836k free), swap 16533876k(3456k free)

vm_info: OpenJDK 64-Bit Server VM (25.152-b01) for windows-amd64 JRE (1.8.0_152-release-1248-b01), built by "builder" with MS VC++ 10.0 (VS2010)

time: Sat Apr 13 14:13:32 2019
elapsed time: 17 seconds (0d 0h 0m 17s)

