#
# There is insufficient memory for the Java Runtime Environment to continue.
# Native memory allocation (malloc) failed to allocate 32744 bytes for ChunkPool::allocate
# Possible reasons:
#   The system is out of physical RAM or swap space
#   In 32 bit mode, the process size limit was hit
# Possible solutions:
#   Reduce memory load on the system
#   Increase physical memory or swap space
#   Check if swap backing store is full
#   Use 64 bit Java on a 64 bit OS
#   Decrease Java heap size (-Xmx/-Xms)
#   Decrease number of Java threads
#   Decrease Java thread stack sizes (-Xss)
#   Set larger code cache with -XX:ReservedCodeCacheSize=
# This output file may be truncated or incomplete.
#
#  Out of Memory Error (allocation.cpp:273), pid=9696, tid=0x0000000000001cd0
#
# JRE version: OpenJDK Runtime Environment (8.0_152-b01) (build 1.8.0_152-release-1248-b01)
# Java VM: OpenJDK 64-Bit Server VM (25.152-b01 mixed mode windows-amd64 compressed oops)
# Failed to write core dump. Minidumps are not enabled by default on client versions of Windows
#

---------------  T H R E A D  ---------------

Current thread (0x0000000017d6d000):  JavaThread "C2 CompilerThread0" daemon [_thread_in_native, id=7376, stack(0x00000000193b0000,0x00000000194b0000)]

Stack: [0x00000000193b0000,0x00000000194b0000]
[error occurred during error reporting (printing stack bounds), id 0xc0000005]

Native frames: (J=compiled Java code, j=interpreted, Vv=VM code, C=native code)


Current CompileTask:
C2:  76788 6467       4       org.xml.sax.helpers.XMLFilterImpl::startElement (22 bytes)


---------------  P R O C E S S  ---------------

Java Threads: ( => current thread )
  0x000000001f429800 JavaThread "Keep-Alive-Timer" daemon [_thread_blocked, id=168, stack(0x0000000024a10000,0x0000000024b10000)]
  0x000000001f31b800 JavaThread "Memory manager" [_thread_blocked, id=1116, stack(0x0000000022720000,0x0000000022820000)]
  0x000000001f319000 JavaThread "Build operations Thread 12" [_thread_blocked, id=6948, stack(0x0000000022020000,0x0000000022120000)]
  0x000000001f318800 JavaThread "Build operations Thread 11" [_thread_blocked, id=12936, stack(0x0000000021f20000,0x0000000022020000)]
  0x000000001f317800 JavaThread "Build operations Thread 10" [_thread_blocked, id=12412, stack(0x0000000021e20000,0x0000000021f20000)]
  0x000000001f317000 JavaThread "Build operations Thread 9" [_thread_blocked, id=17496, stack(0x0000000021d20000,0x0000000021e20000)]
  0x000000001f316000 JavaThread "Build operations Thread 8" [_thread_blocked, id=5636, stack(0x0000000021c20000,0x0000000021d20000)]
  0x000000001f31d000 JavaThread "Build operations Thread 7" [_thread_blocked, id=2740, stack(0x0000000021b20000,0x0000000021c20000)]
  0x000000001e4f4800 JavaThread "Build operations Thread 6" [_thread_blocked, id=4240, stack(0x0000000021a20000,0x0000000021b20000)]
  0x000000001e4fb000 JavaThread "Build operations Thread 5" [_thread_blocked, id=3864, stack(0x0000000021920000,0x0000000021a20000)]
  0x000000001e4fa800 JavaThread "Build operations Thread 4" [_thread_blocked, id=15620, stack(0x0000000021820000,0x0000000021920000)]
  0x000000001e4f9800 JavaThread "Build operations Thread 3" [_thread_blocked, id=6696, stack(0x0000000021720000,0x0000000021820000)]
  0x000000001e4f8000 JavaThread "Build operations Thread 2" [_thread_blocked, id=9320, stack(0x0000000021620000,0x0000000021720000)]
  0x000000001e4f7800 JavaThread "Build operations" [_thread_blocked, id=15180, stack(0x00000000202f0000,0x00000000203f0000)]
  0x000000001e4f6000 JavaThread "Cache worker for Artifact transforms cache (C:\Users\Batyaa\.gradle\caches\transforms-1)" [_thread_blocked, id=4764, stack(0x000000001f770000,0x000000001f870000)]
  0x000000001aabc000 JavaThread "Cache worker for file hash cache (E:\ANDROID\TulanC\.gradle\4.6\fileHashes)" [_thread_blocked, id=240, stack(0x000000001d6d0000,0x000000001d7d0000)]
  0x000000001acd4800 JavaThread "File lock request listener" [_thread_in_native, id=3560, stack(0x000000001c600000,0x000000001c700000)]
  0x000000001acd3800 JavaThread "Cache worker for file hash cache (C:\Users\Batyaa\.gradle\caches\4.6\fileHashes)" [_thread_blocked, id=14480, stack(0x000000001c500000,0x000000001c600000)]
  0x000000001ac74800 JavaThread "Asynchronous log dispatcher for DefaultDaemonConnection: socket connection from /127.0.0.1:65238 to /127.0.0.1:65239" [_thread_blocked, id=8284, stack(0x000000001c100000,0x000000001c200000)]
  0x000000001ac6c800 JavaThread "Daemon worker" [_thread_in_native, id=16012, stack(0x000000001c000000,0x000000001c100000)]
  0x000000001ac7b000 JavaThread "Cancel handler" [_thread_blocked, id=14028, stack(0x000000001be00000,0x000000001bf00000)]
  0x000000001a913000 JavaThread "Handler for socket connection from /127.0.0.1:65238 to /127.0.0.1:65239" [_thread_in_native, id=13700, stack(0x000000001bb00000,0x000000001bc00000)]
  0x000000001a912000 JavaThread "Daemon" [_thread_blocked, id=14932, stack(0x000000001ba00000,0x000000001bb00000)]
  0x000000001a995800 JavaThread "Daemon periodic checks" [_thread_blocked, id=4772, stack(0x000000001b900000,0x000000001ba00000)]
  0x000000001a994800 JavaThread "Incoming local TCP Connector on port 65238" [_thread_in_native, id=6328, stack(0x000000001b6c0000,0x000000001b7c0000)]
  0x0000000017df8800 JavaThread "Service Thread" daemon [_thread_blocked, id=11316, stack(0x00000000197b0000,0x00000000198b0000)]
  0x0000000017d7d800 JavaThread "C1 CompilerThread3" daemon [_thread_in_native, id=15724, stack(0x00000000196b0000,0x00000000197b0000)]
  0x0000000017d7c800 JavaThread "C2 CompilerThread2" daemon [_thread_in_native, id=18404, stack(0x00000000195b0000,0x00000000196b0000)]
  0x0000000017d73000 JavaThread "C2 CompilerThread1" daemon [_thread_in_native, id=9552, stack(0x00000000194b0000,0x00000000195b0000)]
=>0x0000000017d6d000 JavaThread "C2 CompilerThread0" daemon [_thread_in_native, id=7376, stack(0x00000000193b0000,0x00000000194b0000)]
  0x0000000017d6b000 JavaThread "Attach Listener" daemon [_thread_blocked, id=11204, stack(0x00000000192b0000,0x00000000193b0000)]
  0x0000000017d68000 JavaThread "Signal Dispatcher" daemon [_thread_blocked, id=11848, stack(0x00000000191b0000,0x00000000192b0000)]
  0x0000000017d63000 JavaThread "Finalizer" daemon [_thread_blocked, id=836, stack(0x0000000018fc0000,0x00000000190c0000)]
  0x000000001669c000 JavaThread "Reference Handler" daemon [_thread_blocked, id=14728, stack(0x0000000018ec0000,0x0000000018fc0000)]
  0x000000000249e800 JavaThread "main" [_thread_blocked, id=4036, stack(0x00000000024e0000,0x00000000025e0000)]

Other Threads:
  0x0000000016695800 VMThread [stack: 0x0000000018dc0000,0x0000000018ec0000] [id=15484]
  0x0000000017dfa000 WatcherThread [stack: 0x00000000198b0000,0x00000000199b0000] [id=3192]

VM state:not at safepoint (normal execution)

VM Mutex/Monitor currently owned by a thread: None

Heap:
 PSYoungGen      total 141824K, used 32767K [0x00000000e0000000, 0x00000000e9980000, 0x0000000100000000)
  eden space 135680K, 19% used [0x00000000e0000000,0x00000000e1a37af0,0x00000000e8480000)
  from space 6144K, 96% used [0x00000000e9380000,0x00000000e9948460,0x00000000e9980000)
  to   space 10752K, 0% used [0x00000000e8480000,0x00000000e8480000,0x00000000e8f00000)
 ParOldGen       total 89600K, used 26723K [0x00000000a0000000, 0x00000000a5780000, 0x00000000e0000000)
  object space 89600K, 29% used [0x00000000a0000000,0x00000000a1a18ea8,0x00000000a5780000)
 Metaspace       used 54121K, capacity 55504K, committed 55720K, reserved 1097728K
  class space    used 7148K, capacity 7540K, committed 7600K, reserved 1048576K

Card table byte_map: [0x0000000011aa0000,0x0000000011db0000] byte_map_base: 0x00000000115a0000

Marking Bits: (ParMarkBitMap*) 0x00000000608a5aa0
 Begin Bits: [0x00000000129b0000, 0x00000000141b0000)
 End Bits:   [0x00000000141b0000, 0x00000000159b0000)

Polling page: 0x00000000008b0000

CodeCache: size=245760Kb used=19733Kb max_used=19941Kb free=226026Kb
 bounds [0x00000000026e0000, 0x0000000003a90000, 0x00000000116e0000]
 total_blobs=6470 nmethods=5686 adapters=697
 compilation: enabled

Compilation events (10 events):
Event: 76.774 Thread 0x0000000017d7d800 6478       3       sun.misc.URLClassPath$1::hasMoreElements (5 bytes)
Event: 76.774 Thread 0x0000000017d7d800 nmethod 6478 0x000000000280ba50 code [0x000000000280bbc0, 0x000000000280bd48]
Event: 76.775 Thread 0x0000000017d7d800 6480       3       com.sun.org.apache.xerces.internal.impl.XMLDocumentFragmentScannerImpl$ElementStack2::<init> (59 bytes)
Event: 76.775 Thread 0x0000000017d7d800 nmethod 6480 0x00000000029dded0 code [0x00000000029de060, 0x00000000029de6b0]
Event: 76.775 Thread 0x0000000017d7d800 6476       3       com.sun.org.apache.xerces.internal.jaxp.validation.ValidatorHandlerImpl::startPrefixMapping (137 bytes)
Event: 76.776 Thread 0x0000000017d7d800 nmethod 6476 0x0000000002ad82d0 code [0x0000000002ad84c0, 0x0000000002ad8e48]
Event: 76.776 Thread 0x0000000017d7d800 6479       1       com.google.common.collect.RegularImmutableSet::hashCode (5 bytes)
Event: 76.776 Thread 0x0000000017d7d800 nmethod 6479 0x000000000288a110 code [0x000000000288a260, 0x000000000288a370]
Event: 76.777 Thread 0x0000000017d7d800 6481       1       com.sun.org.apache.xerces.internal.impl.XMLEntityManager::getCurrentEntity (5 bytes)
Event: 76.777 Thread 0x0000000017d7d800 nmethod 6481 0x0000000002fd8550 code [0x0000000002fd86a0, 0x0000000002fd87b0]

GC Heap History (10 events):
Event: 7.614 GC heap before
{Heap before GC invocations=14 (full 2):
 PSYoungGen      total 86016K, used 82766K [0x00000000e0000000, 0x00000000e7400000, 0x0000000100000000)
  eden space 75264K, 100% used [0x00000000e0000000,0x00000000e4980000,0x00000000e4980000)
  from space 10752K, 69% used [0x00000000e4980000,0x00000000e50d3af8,0x00000000e5400000)
  to   space 10752K, 0% used [0x00000000e6980000,0x00000000e6980000,0x00000000e7400000)
 ParOldGen       total 89600K, used 15185K [0x00000000a0000000, 0x00000000a5780000, 0x00000000e0000000)
  object space 89600K, 16% used [0x00000000a0000000,0x00000000a0ed46f0,0x00000000a5780000)
 Metaspace       used 43726K, capacity 44708K, committed 44968K, reserved 1087488K
  class space    used 5933K, capacity 6242K, committed 6320K, reserved 1048576K
Event: 7.627 GC heap after
Heap after GC invocations=14 (full 2):
 PSYoungGen      total 107008K, used 10674K [0x00000000e0000000, 0x00000000e7680000, 0x0000000100000000)
  eden space 96256K, 0% used [0x00000000e0000000,0x00000000e0000000,0x00000000e5e00000)
  from space 10752K, 99% used [0x00000000e6980000,0x00000000e73ec890,0x00000000e7400000)
  to   space 11776K, 0% used [0x00000000e5e00000,0x00000000e5e00000,0x00000000e6980000)
 ParOldGen       total 89600K, used 20009K [0x00000000a0000000, 0x00000000a5780000, 0x00000000e0000000)
  object space 89600K, 22% used [0x00000000a0000000,0x00000000a138a608,0x00000000a5780000)
 Metaspace       used 43726K, capacity 44708K, committed 44968K, reserved 1087488K
  class space    used 5933K, capacity 6242K, committed 6320K, reserved 1048576K
}
Event: 10.496 GC heap before
{Heap before GC invocations=15 (full 2):
 PSYoungGen      total 107008K, used 106930K [0x00000000e0000000, 0x00000000e7680000, 0x0000000100000000)
  eden space 96256K, 100% used [0x00000000e0000000,0x00000000e5e00000,0x00000000e5e00000)
  from space 10752K, 99% used [0x00000000e6980000,0x00000000e73ec890,0x00000000e7400000)
  to   space 11776K, 0% used [0x00000000e5e00000,0x00000000e5e00000,0x00000000e6980000)
 ParOldGen       total 89600K, used 20009K [0x00000000a0000000, 0x00000000a5780000, 0x00000000e0000000)
  object space 89600K, 22% used [0x00000000a0000000,0x00000000a138a608,0x00000000a5780000)
 Metaspace       used 51409K, capacity 52592K, committed 52776K, reserved 1095680K
  class space    used 6834K, capacity 7192K, committed 7216K, reserved 1048576K
Event: 10.504 GC heap after
Heap after GC invocations=15 (full 2):
 PSYoungGen      total 108032K, used 7575K [0x00000000e0000000, 0x00000000e8e00000, 0x0000000100000000)
  eden space 96256K, 0% used [0x00000000e0000000,0x00000000e0000000,0x00000000e5e00000)
  from space 11776K, 64% used [0x00000000e5e00000,0x00000000e6565e28,0x00000000e6980000)
  to   space 11776K, 0% used [0x00000000e8280000,0x00000000e8280000,0x00000000e8e00000)
 ParOldGen       total 89600K, used 26627K [0x00000000a0000000, 0x00000000a5780000, 0x00000000e0000000)
  object space 89600K, 29% used [0x00000000a0000000,0x00000000a1a00e98,0x00000000a5780000)
 Metaspace       used 51409K, capacity 52592K, committed 52776K, reserved 1095680K
  class space    used 6834K, capacity 7192K, committed 7216K, reserved 1048576K
}
Event: 23.392 GC heap before
{Heap before GC invocations=16 (full 2):
 PSYoungGen      total 108032K, used 103831K [0x00000000e0000000, 0x00000000e8e00000, 0x0000000100000000)
  eden space 96256K, 100% used [0x00000000e0000000,0x00000000e5e00000,0x00000000e5e00000)
  from space 11776K, 64% used [0x00000000e5e00000,0x00000000e6565e28,0x00000000e6980000)
  to   space 11776K, 0% used [0x00000000e8280000,0x00000000e8280000,0x00000000e8e00000)
 ParOldGen       total 89600K, used 26627K [0x00000000a0000000, 0x00000000a5780000, 0x00000000e0000000)
  object space 89600K, 29% used [0x00000000a0000000,0x00000000a1a00e98,0x00000000a5780000)
 Metaspace       used 52055K, capacity 53272K, committed 53416K, reserved 1095680K
  class space    used 6879K, capacity 7236K, committed 7344K, reserved 1048576K
Event: 23.398 GC heap after
Heap after GC invocations=16 (full 2):
 PSYoungGen      total 124416K, used 5213K [0x00000000e0000000, 0x00000000e8900000, 0x0000000100000000)
  eden space 117760K, 0% used [0x00000000e0000000,0x00000000e0000000,0x00000000e7300000)
  from space 6656K, 78% used [0x00000000e8280000,0x00000000e8797550,0x00000000e8900000)
  to   space 11264K, 0% used [0x00000000e7300000,0x00000000e7300000,0x00000000e7e00000)
 ParOldGen       total 89600K, used 26707K [0x00000000a0000000, 0x00000000a5780000, 0x00000000e0000000)
  object space 89600K, 29% used [0x00000000a0000000,0x00000000a1a14ea8,0x00000000a5780000)
 Metaspace       used 52055K, capacity 53272K, committed 53416K, reserved 1095680K
  class space    used 6879K, capacity 7236K, committed 7344K, reserved 1048576K
}
Event: 53.406 GC heap before
{Heap before GC invocations=17 (full 2):
 PSYoungGen      total 124416K, used 122973K [0x00000000e0000000, 0x00000000e8900000, 0x0000000100000000)
  eden space 117760K, 100% used [0x00000000e0000000,0x00000000e7300000,0x00000000e7300000)
  from space 6656K, 78% used [0x00000000e8280000,0x00000000e8797550,0x00000000e8900000)
  to   space 11264K, 0% used [0x00000000e7300000,0x00000000e7300000,0x00000000e7e00000)
 ParOldGen       total 89600K, used 26707K [0x00000000a0000000, 0x00000000a5780000, 0x00000000e0000000)
  object space 89600K, 29% used [0x00000000a0000000,0x00000000a1a14ea8,0x00000000a5780000)
 Metaspace       used 52062K, capacity 53284K, committed 53416K, reserved 1095680K
  class space    used 6880K, capacity 7238K, committed 7344K, reserved 1048576K
Event: 53.409 GC heap after
Heap after GC invocations=17 (full 2):
 PSYoungGen      total 129024K, used 4792K [0x00000000e0000000, 0x00000000e9e80000, 0x0000000100000000)
  eden space 117760K, 0% used [0x00000000e0000000,0x00000000e0000000,0x00000000e7300000)
  from space 11264K, 42% used [0x00000000e7300000,0x00000000e77ae2e8,0x00000000e7e00000)
  to   space 11264K, 0% used [0x00000000e9380000,0x00000000e9380000,0x00000000e9e80000)
 ParOldGen       total 89600K, used 26715K [0x00000000a0000000, 0x00000000a5780000, 0x00000000e0000000)
  object space 89600K, 29% used [0x00000000a0000000,0x00000000a1a16ea8,0x00000000a5780000)
 Metaspace       used 52062K, capacity 53284K, committed 53416K, reserved 1095680K
  class space    used 6880K, capacity 7238K, committed 7344K, reserved 1048576K
}
Event: 76.755 GC heap before
{Heap before GC invocations=18 (full 2):
 PSYoungGen      total 129024K, used 122552K [0x00000000e0000000, 0x00000000e9e80000, 0x0000000100000000)
  eden space 117760K, 100% used [0x00000000e0000000,0x00000000e7300000,0x00000000e7300000)
  from space 11264K, 42% used [0x00000000e7300000,0x00000000e77ae2e8,0x00000000e7e00000)
  to   space 11264K, 0% used [0x00000000e9380000,0x00000000e9380000,0x00000000e9e80000)
 ParOldGen       total 89600K, used 26715K [0x00000000a0000000, 0x00000000a5780000, 0x00000000e0000000)
  object space 89600K, 29% used [0x00000000a0000000,0x00000000a1a16ea8,0x00000000a5780000)
 Metaspace       used 52880K, capacity 54142K, committed 54184K, reserved 1095680K
  class space    used 6957K, capacity 7321K, committed 7344K, reserved 1048576K
Event: 76.760 GC heap after
Heap after GC invocations=18 (full 2):
 PSYoungGen      total 141824K, used 5921K [0x00000000e0000000, 0x00000000e9980000, 0x0000000100000000)
  eden space 135680K, 0% used [0x00000000e0000000,0x00000000e0000000,0x00000000e8480000)
  from space 6144K, 96% used [0x00000000e9380000,0x00000000e9948460,0x00000000e9980000)
  to   space 10752K, 0% used [0x00000000e8480000,0x00000000e8480000,0x00000000e8f00000)
 ParOldGen       total 89600K, used 26723K [0x00000000a0000000, 0x00000000a5780000, 0x00000000e0000000)
  object space 89600K, 29% used [0x00000000a0000000,0x00000000a1a18ea8,0x00000000a5780000)
 Metaspace       used 52880K, capacity 54142K, committed 54184K, reserved 1095680K
  class space    used 6957K, capacity 7321K, committed 7344K, reserved 1048576K
}

Deoptimization events (10 events):
Event: 76.722 Thread 0x000000001ac6c800 Uncommon trap: reason=unstable_if action=reinterpret pc=0x000000000396d54c method=java.lang.ThreadLocal$ThreadLocalMap.remove(Ljava/lang/ThreadLocal;)V @ 26
Event: 76.722 Thread 0x000000001ac6c800 Uncommon trap: reason=class_check action=maybe_recompile pc=0x00000000032dbef8 method=java.util.stream.StreamOpFlag.fromCharacteristics(Ljava/util/Spliterator;)I @ 1
Event: 76.722 Thread 0x000000001ac6c800 Uncommon trap: reason=class_check action=maybe_recompile pc=0x0000000003279a28 method=java.util.stream.AbstractPipeline.wrapAndCopyInto(Ljava/util/stream/Sink;Ljava/util/Spliterator;)Ljava/util/stream/Sink; @ 6
Event: 76.722 Thread 0x000000001ac6c800 Uncommon trap: reason=class_check action=maybe_recompile pc=0x000000000306f9b8 method=java.util.stream.AbstractPipeline.wrapSink(Ljava/util/stream/Sink;)Ljava/util/stream/Sink; @ 23
Event: 76.724 Thread 0x000000001ac6c800 Uncommon trap: reason=class_check action=maybe_recompile pc=0x000000000306ff6c method=java.util.Collection.stream()Ljava/util/stream/Stream; @ 1
Event: 76.726 Thread 0x000000001ac6c800 Uncommon trap: reason=class_check action=maybe_recompile pc=0x000000000294b120 method=java.util.stream.AbstractPipeline.evaluate(Ljava/util/stream/TerminalOp;)Ljava/lang/Object; @ 80
Event: 76.726 Thread 0x000000001ac6c800 Uncommon trap: reason=class_check action=maybe_recompile pc=0x000000000327ebf8 method=java.util.stream.ReferencePipeline$2$1.begin(J)V @ 7
Event: 76.726 Thread 0x000000001ac6c800 Uncommon trap: reason=class_check action=maybe_recompile pc=0x000000000306ff6c method=java.util.Collection.stream()Ljava/util/stream/Stream; @ 1
Event: 76.726 Thread 0x000000001ac6c800 Uncommon trap: reason=class_check action=maybe_recompile pc=0x000000000294b120 method=java.util.stream.AbstractPipeline.evaluate(Ljava/util/stream/TerminalOp;)Ljava/lang/Object; @ 80
Event: 76.727 Thread 0x000000001ac6c800 Uncommon trap: reason=class_check action=maybe_recompile pc=0x000000000327ebf8 method=java.util.stream.ReferencePipeline$2$1.begin(J)V @ 7

Classes redefined (0 events):
No events

Internal exceptions (10 events):
Event: 76.740 Thread 0x000000001ac6c800 Exception <a 'sun/nio/fs/WindowsException'> (0x00000000e6e51a38) thrown at [D:\src\AOSP-openjdk-cygwin\jdk8u\hotspot\src\share\vm\prims\jni.cpp, line 709]
Event: 76.740 Thread 0x000000001ac6c800 Exception <a 'sun/nio/fs/WindowsException'> (0x00000000e6e525f0) thrown at [D:\src\AOSP-openjdk-cygwin\jdk8u\hotspot\src\share\vm\prims\jni.cpp, line 709]
Event: 76.740 Thread 0x000000001ac6c800 Exception <a 'sun/nio/fs/WindowsException'> (0x00000000e6e55190) thrown at [D:\src\AOSP-openjdk-cygwin\jdk8u\hotspot\src\share\vm\prims\jni.cpp, line 709]
Event: 76.740 Thread 0x000000001ac6c800 Exception <a 'sun/nio/fs/WindowsException'> (0x00000000e6e55d78) thrown at [D:\src\AOSP-openjdk-cygwin\jdk8u\hotspot\src\share\vm\prims\jni.cpp, line 709]
Event: 76.740 Thread 0x000000001ac6c800 Exception <a 'sun/nio/fs/WindowsException'> (0x00000000e6e57990) thrown at [D:\src\AOSP-openjdk-cygwin\jdk8u\hotspot\src\share\vm\prims\jni.cpp, line 709]
Event: 76.740 Thread 0x000000001ac6c800 Exception <a 'sun/nio/fs/WindowsException'> (0x00000000e6e585b8) thrown at [D:\src\AOSP-openjdk-cygwin\jdk8u\hotspot\src\share\vm\prims\jni.cpp, line 709]
Event: 76.740 Thread 0x000000001ac6c800 Exception <a 'sun/nio/fs/WindowsException'> (0x00000000e6e5b368) thrown at [D:\src\AOSP-openjdk-cygwin\jdk8u\hotspot\src\share\vm\prims\jni.cpp, line 709]
Event: 76.740 Thread 0x000000001ac6c800 Exception <a 'sun/nio/fs/WindowsException'> (0x00000000e6e5bfc8) thrown at [D:\src\AOSP-openjdk-cygwin\jdk8u\hotspot\src\share\vm\prims\jni.cpp, line 709]
Event: 76.740 Thread 0x000000001ac6c800 Exception <a 'sun/nio/fs/WindowsException'> (0x00000000e6e5dc58) thrown at [D:\src\AOSP-openjdk-cygwin\jdk8u\hotspot\src\share\vm\prims\jni.cpp, line 709]
Event: 76.740 Thread 0x000000001ac6c800 Exception <a 'sun/nio/fs/WindowsException'> (0x00000000e6e5e8f8) thrown at [D:\src\AOSP-openjdk-cygwin\jdk8u\hotspot\src\share\vm\prims\jni.cpp, line 709]

Events (10 events):
Event: 76.774 Thread 0x0000000017d7d800 flushing nmethod 0x0000000002ce6810
Event: 76.774 Thread 0x0000000017d7d800 flushing nmethod 0x0000000002d06490
Event: 76.774 Thread 0x0000000017d7d800 flushing nmethod 0x0000000002d133d0
Event: 76.774 Thread 0x0000000017d7d800 flushing nmethod 0x0000000002e7dcd0
Event: 76.775 Thread 0x0000000017d7d800 flushing nmethod 0x0000000002fd83d0
Event: 76.776 Thread 0x0000000017d7d800 flushing nmethod 0x00000000030b22d0
Event: 76.776 Thread 0x0000000017d7d800 flushing nmethod 0x00000000030f6b10
Event: 76.777 Thread 0x0000000017d7d800 flushing nmethod 0x00000000032bda50
Event: 76.777 Thread 0x0000000017d7d800 flushing nmethod 0x00000000032d3150
Event: 76.777 Thread 0x0000000017d7d800 flushing nmethod 0x00000000032d6c10


Dynamic libraries:
0x00007ff763710000 - 0x00007ff763741000 	C:\Program Files\Android\Android Studio\jre\bin\java.exe
0x00007ffb018f0000 - 0x00007ffb01ad1000 	C:\Windows\SYSTEM32\ntdll.dll
0x00007ffaf6420000 - 0x00007ffaf6432000 	C:\Program Files\AVAST Software\Avast\aswhook.dll
0x00007ffaff160000 - 0x00007ffaff211000 	C:\Windows\System32\KERNEL32.DLL
0x00007ffafdef0000 - 0x00007ffafe163000 	C:\Windows\System32\KERNELBASE.dll
0x00007ffb01810000 - 0x00007ffb018b1000 	C:\Windows\System32\ADVAPI32.dll
0x00007ffb012d0000 - 0x00007ffb0136e000 	C:\Windows\System32\msvcrt.dll
0x00007ffb01450000 - 0x00007ffb014ab000 	C:\Windows\System32\sechost.dll
0x00007ffb014b0000 - 0x00007ffb015d4000 	C:\Windows\System32\RPCRT4.dll
0x00007ffafed90000 - 0x00007ffafef20000 	C:\Windows\System32\USER32.dll
0x00007ffafeac0000 - 0x00007ffafeae0000 	C:\Windows\System32\win32u.dll
0x00007ffb016f0000 - 0x00007ffb01718000 	C:\Windows\System32\GDI32.dll
0x00007ffafe920000 - 0x00007ffafeab2000 	C:\Windows\System32\gdi32full.dll
0x00007ffafe170000 - 0x00007ffafe20f000 	C:\Windows\System32\msvcp_win.dll
0x00007ffafdd70000 - 0x00007ffafde68000 	C:\Windows\System32\ucrtbase.dll
0x00007ffaf2720000 - 0x00007ffaf2989000 	C:\Windows\WinSxS\amd64_microsoft.windows.common-controls_6595b64144ccf1df_6.0.17134.706_none_fb43a2cb30647007\COMCTL32.dll
0x00007ffb00660000 - 0x00007ffb00982000 	C:\Windows\System32\combase.dll
0x00007ffafde70000 - 0x00007ffafdeea000 	C:\Windows\System32\bcryptPrimitives.dll
0x00007ffb012a0000 - 0x00007ffb012cd000 	C:\Windows\System32\IMM32.DLL
0x0000000060930000 - 0x0000000060a02000 	C:\Program Files\Android\Android Studio\jre\jre\bin\msvcr100.dll
0x00000000600e0000 - 0x0000000060921000 	C:\Program Files\Android\Android Studio\jre\jre\bin\server\jvm.dll
0x00007ffb00af0000 - 0x00007ffb00af8000 	C:\Windows\System32\PSAPI.DLL
0x00007ffaf0730000 - 0x00007ffaf0739000 	C:\Windows\SYSTEM32\WSOCK32.dll
0x00007ffb00a60000 - 0x00007ffb00acc000 	C:\Windows\System32\WS2_32.dll
0x00007ffafaa80000 - 0x00007ffafaaa3000 	C:\Windows\SYSTEM32\WINMM.dll
0x00007ffaf9e50000 - 0x00007ffaf9e5a000 	C:\Windows\SYSTEM32\VERSION.dll
0x00007ffafaa50000 - 0x00007ffafaa7a000 	C:\Windows\SYSTEM32\WINMMBASE.dll
0x00007ffafdcc0000 - 0x00007ffafdd09000 	C:\Windows\System32\cfgmgr32.dll
0x00007ffaf8540000 - 0x00007ffaf854f000 	C:\Program Files\Android\Android Studio\jre\jre\bin\verify.dll
0x00007ffaf5430000 - 0x00007ffaf5459000 	C:\Program Files\Android\Android Studio\jre\jre\bin\java.dll
0x00007ffaf8020000 - 0x00007ffaf8036000 	C:\Program Files\Android\Android Studio\jre\jre\bin\zip.dll
0x00007ffaff220000 - 0x00007ffb00660000 	C:\Windows\System32\SHELL32.dll
0x00007ffb015e0000 - 0x00007ffb01689000 	C:\Windows\System32\shcore.dll
0x00007ffafe210000 - 0x00007ffafe91d000 	C:\Windows\System32\windows.storage.dll
0x00007ffb01240000 - 0x00007ffb01291000 	C:\Windows\System32\shlwapi.dll
0x00007ffafdca0000 - 0x00007ffafdcb1000 	C:\Windows\System32\kernel.appcore.dll
0x00007ffafdc00000 - 0x00007ffafdc1f000 	C:\Windows\System32\profapi.dll
0x00007ffafdc20000 - 0x00007ffafdc6c000 	C:\Windows\System32\powrprof.dll
0x00007ffafdc90000 - 0x00007ffafdc9a000 	C:\Windows\System32\FLTLIB.DLL
0x00007ffaf3da0000 - 0x00007ffaf3dba000 	C:\Program Files\Android\Android Studio\jre\jre\bin\net.dll
0x00007ffafd480000 - 0x00007ffafd4e6000 	C:\Windows\system32\mswsock.dll
0x00007ffae2dd0000 - 0x00007ffae2de1000 	C:\Program Files\Android\Android Studio\jre\jre\bin\nio.dll
0x00007ffae0420000 - 0x00007ffae043e000 	C:\Users\Batyaa\.gradle\native\25\windows-amd64\native-platform.dll
0x00007ffaf82e0000 - 0x00007ffaf82ed000 	C:\Program Files\Android\Android Studio\jre\jre\bin\management.dll
0x00007ffafd630000 - 0x00007ffafd647000 	C:\Windows\SYSTEM32\CRYPTSP.dll
0x00007ffafd000000 - 0x00007ffafd033000 	C:\Windows\system32\rsaenh.dll
0x00007ffafd760000 - 0x00007ffafd785000 	C:\Windows\SYSTEM32\bcrypt.dll
0x00007ffafdb30000 - 0x00007ffafdb58000 	C:\Windows\SYSTEM32\USERENV.dll
0x00007ffafd650000 - 0x00007ffafd65b000 	C:\Windows\SYSTEM32\CRYPTBASE.dll
0x00007ffafd200000 - 0x00007ffafd238000 	C:\Windows\SYSTEM32\IPHLPAPI.DLL
0x00007ffafed80000 - 0x00007ffafed88000 	C:\Windows\System32\NSI.dll
0x00007ffaf1fb0000 - 0x00007ffaf1fc6000 	C:\Windows\SYSTEM32\dhcpcsvc6.DLL
0x00007ffaf1f90000 - 0x00007ffaf1faa000 	C:\Windows\SYSTEM32\dhcpcsvc.DLL
0x00007ffad6f50000 - 0x00007ffad6f74000 	C:\Program Files\Android\Android Studio\jre\jre\bin\sunec.dll
0x00007ffaf8560000 - 0x00007ffaf856b000 	C:\Program Files\Android\Android Studio\jre\jre\bin\sunmscapi.dll
0x00007ffafeb90000 - 0x00007ffafed72000 	C:\Windows\System32\CRYPT32.dll
0x00007ffafdc70000 - 0x00007ffafdc82000 	C:\Windows\System32\MSASN1.dll
0x00007ffafd240000 - 0x00007ffafd2fe000 	C:\Windows\SYSTEM32\DNSAPI.dll
0x0000000061860000 - 0x0000000061886000 	C:\Program Files\Bonjour\mdnsNSP.dll
0x00007ffaf1730000 - 0x00007ffaf173a000 	C:\Windows\System32\rasadhlp.dll
0x00007ffaf2150000 - 0x00007ffaf21c2000 	C:\Windows\System32\fwpuclnt.dll

VM Arguments:
jvm_args: -Xmx1536m -Dfile.encoding=windows-1252 -Duser.country=US -Duser.language=en -Duser.variant 
java_command: org.gradle.launcher.daemon.bootstrap.GradleDaemon 4.6
java_class_path (initial): C:\Users\Batyaa\.gradle\wrapper\dists\gradle-4.6-all\bcst21l2brirad8k2ben1letg\gradle-4.6\lib\gradle-launcher-4.6.jar
Launcher Type: SUN_STANDARD

Environment Variables:
JAVA_HOME=C:\Program Files (x86)\Java\jdk1.8.0_192
PATH=C:\Program Files\Microsoft MPI\Bin\;C:\Program Files (x86)\Common Files\Intel\Shared Libraries\redist\intel64_win\compiler;C:\Windows\system32;C:\Windows;C:\Windows\System32\Wbem;C:\Windows\System32\WindowsPowerShell\v1.0\;C:\Windows\System32\OpenSSH\;C:\Program Files (x86)\NVIDIA Corporation\PhysX\Common;C:\Program Files (x86)\Microsoft SQL Server\100\Tools\Binn\;C:\Program Files\Microsoft SQL Server\100\Tools\Binn\;C:\Program Files\Microsoft SQL Server\100\DTS\Binn\;C:\Program Files\Common Files\Autodesk Shared\;C:\Program Files\dotnet\;C:\Program Files\Microsoft SQL Server\130\Tools\Binn\;C:\Program Files\Microsoft VS Code\bin;C:\Program Files (x86)\IncrediBuild;E:\Flutter\flutter\bin;C:\Program Files\Git\cmd;"C:\Users\Batyaa\AppData\Local\Microsoft\WindowsApps;E:\FLUTTER\flutter\bin";;C:\Program Files\JetBrains\IntelliJ IDEA Community Edition 2019.1\bin;
USERNAME=Batyaa
OS=Windows_NT
PROCESSOR_IDENTIFIER=AMD64 Family 23 Model 8 Stepping 2, AuthenticAMD



---------------  S Y S T E M  ---------------

OS: Windows 10.0 , 64 bit Build 17134 (10.0.17134.706)

CPU:total 12 (initial active 12) (12 cores per cpu, 1 threads per core) family 23 model 8 stepping 2, cmov, cx8, fxsr, mmx, sse, sse2, sse3, ssse3, sse4.1, sse4.2, popcnt, avx, avx2, aes, clmul, mmxext, 3dnowpref, lzcnt, sse4a, tsc, tscinvbit, tscinv, bmi1

Memory: 4k page, physical 8341876k(589892k free), swap 16533876k(292k free)

vm_info: OpenJDK 64-Bit Server VM (25.152-b01) for windows-amd64 JRE (1.8.0_152-release-1248-b01), built by "builder" with MS VC++ 10.0 (VS2010)

time: Sat Apr 13 14:12:43 2019
elapsed time: 77 seconds (0d 0h 1m 17s)

